2025-11-12 17:00:40,619:modules.saveRanks:
    ------ Starting evaluating competitors ranking of the product ---------
    
2025-11-12 17:00:43,026:modules.saveRanks:Finding ranking for product_id (20748) of vendor_id (90077).
2025-11-12 17:00:58,320:modules.saveRanks:Not found in ERP.
2025-11-12 17:00:58,796:modules.saveRanks:Ranks are set null vendor_pricing_id (5210888)
2025-11-12 17:00:59,269:modules.saveRanks:Pricing data updated for vendor_pricing_id (5210888) (90077 X 20748)
2025-11-12 17:01:02,359:modules.saveRanks:Ranks are set NULL for vendor_pricing_id (12373) in history table.
2025-11-12 17:01:02,839:modules.saveRanks:Pricing data updated for vendor_pricing_id (12373) in history table.
2025-11-12 17:01:03,312:modules.saveRanks:Finished making ranking of the product in 22.69 second(s)
2025-11-12 17:02:00,152:modules.saveRanks:
    ------ Starting evaluating competitors ranking of the product ---------
    
2025-11-12 17:02:02,594:modules.saveRanks:Finding ranking for product_id (21234) of vendor_id (90077).
2025-11-12 17:02:17,759:modules.saveRanks:Not found in ERP.
2025-11-12 17:02:18,235:modules.saveRanks:Ranks are set null vendor_pricing_id (5210516)
2025-11-12 17:02:18,709:modules.saveRanks:Pricing data updated for vendor_pricing_id (5210516) (90077 X 21234)
2025-11-12 17:02:21,783:modules.saveRanks:Ranks are set NULL for vendor_pricing_id (12374) in history table.
2025-11-12 17:02:22,255:modules.saveRanks:Pricing data updated for vendor_pricing_id (12374) in history table.
2025-11-12 17:02:22,727:modules.saveRanks:Finished making ranking of the product in 22.57 second(s)
2025-11-12 17:04:49,634:modules.saveRanks:
    ------ Starting evaluating competitors ranking of the product ---------
    
2025-11-12 17:04:52,180:modules.saveRanks:Finding ranking for product_id (21799) of vendor_id (90077).
2025-11-12 17:05:08,411:modules.saveRanks:Not found in ERP.
2025-11-12 17:05:08,894:modules.saveRanks:Ranks are set null vendor_pricing_id (5228866)
2025-11-12 17:05:09,373:modules.saveRanks:Pricing data updated for vendor_pricing_id (5228866) (90077 X 21799)
2025-11-12 17:05:12,781:modules.saveRanks:Pricing data inserted for vendor_pricing_id (12375) in history table.
2025-11-12 17:05:13,320:modules.saveRanks:Finished making ranking of the product in 23.69 second(s)
2025-11-12 17:05:48,084:modules.saveRanks:
    ------ Starting evaluating competitors ranking of the product ---------
    
2025-11-12 17:05:50,467:modules.saveRanks:Finding ranking for product_id (5070) of vendor_id (90077).
2025-11-12 17:06:05,740:modules.saveRanks:Not found in ERP.
2025-11-12 17:06:06,219:modules.saveRanks:Ranks are set null vendor_pricing_id (5211004)
2025-11-12 17:06:06,696:modules.saveRanks:Pricing data updated for vendor_pricing_id (5211004) (90077 X 5070)
2025-11-12 17:06:09,861:modules.saveRanks:Pricing data inserted for vendor_pricing_id (12376) in history table.
2025-11-12 17:06:10,338:modules.saveRanks:Finished making ranking of the product in 22.25 second(s)
2025-11-12 17:07:34,084:modules.saveRanks:
    ------ Starting evaluating competitors ranking of the product ---------
    
2025-11-12 17:07:36,432:modules.saveRanks:Finding ranking for product_id (21798) of vendor_id (90077).
2025-11-12 17:07:52,556:modules.saveRanks:Not found in ERP.
2025-11-12 17:07:53,059:modules.saveRanks:Ranks are set null vendor_pricing_id (5519770)
2025-11-12 17:07:53,563:modules.saveRanks:Pricing data updated for vendor_pricing_id (5519770) (90077 X 21798)
2025-11-12 17:07:56,786:modules.saveRanks:Pricing data inserted for vendor_pricing_id (12377) in history table.
2025-11-12 17:07:57,283:modules.saveRanks:Finished making ranking of the product in 23.2 second(s)
2025-11-12 17:09:07,546:modules.saveRanks:
    ------ Starting evaluating competitors ranking of the product ---------
    
2025-11-12 17:09:09,990:modules.saveRanks:Finding ranking for product_id (21793) of vendor_id (90077).
2025-11-12 17:09:25,161:modules.saveRanks:Not found in ERP.
2025-11-12 17:09:25,633:modules.saveRanks:Ranks are set null vendor_pricing_id (5519775)
2025-11-12 17:09:26,106:modules.saveRanks:Pricing data updated for vendor_pricing_id (5519775) (90077 X 21793)
2025-11-12 17:09:29,289:modules.saveRanks:Pricing data inserted for vendor_pricing_id (12378) in history table.
2025-11-12 17:09:29,763:modules.saveRanks:Finished making ranking of the product in 22.22 second(s)
2025-11-12 17:33:01,960:modules.saveRanks:
    ------ Starting evaluating competitors ranking of the product ---------
    
2025-11-12 17:33:04,378:modules.saveRanks:Finding ranking for product_id (263661) of vendor_id (90077).
2025-11-12 17:33:20,433:modules.saveRanks:Not found in ERP.
2025-11-12 17:33:20,909:modules.saveRanks:Ranks are set null vendor_pricing_id (5245277)
2025-11-12 17:33:21,384:modules.saveRanks:Pricing data updated for vendor_pricing_id (5245277) (90077 X 263661)
2025-11-12 17:33:24,565:modules.saveRanks:Pricing data inserted for vendor_pricing_id (12379) in history table.
2025-11-12 17:33:25,042:modules.saveRanks:Finished making ranking of the product in 23.08 second(s)
2025-11-12 17:34:30,346:modules.saveRanks:
    ------ Starting evaluating competitors ranking of the product ---------
    
2025-11-12 17:34:32,784:modules.saveRanks:Finding ranking for product_id (21002) of vendor_id (90077).
2025-11-12 17:34:48,015:modules.saveRanks:Not found in ERP.
2025-11-12 17:34:48,490:modules.saveRanks:Ranks are set null vendor_pricing_id (5519829)
2025-11-12 17:34:48,964:modules.saveRanks:Pricing data updated for vendor_pricing_id (5519829) (90077 X 21002)
2025-11-12 17:34:52,184:modules.saveRanks:Pricing data inserted for vendor_pricing_id (12380) in history table.
2025-11-12 17:34:52,664:modules.saveRanks:Finished making ranking of the product in 22.32 second(s)
2025-11-12 17:35:59,074:modules.saveRanks:
    ------ Starting evaluating competitors ranking of the product ---------
    
2025-11-12 17:36:01,606:modules.saveRanks:Finding ranking for product_id (21235) of vendor_id (90077).
2025-11-12 17:36:17,024:modules.saveRanks:Not found in ERP.
2025-11-12 17:36:17,506:modules.saveRanks:Ranks are set null vendor_pricing_id (5235028)
2025-11-12 17:36:17,991:modules.saveRanks:Pricing data updated for vendor_pricing_id (5235028) (90077 X 21235)
2025-11-12 17:36:21,190:modules.saveRanks:Pricing data inserted for vendor_pricing_id (12381) in history table.
2025-11-12 17:36:21,667:modules.saveRanks:Finished making ranking of the product in 22.59 second(s)
2025-11-12 17:37:07,279:modules.saveRanks:
    ------ Starting evaluating competitors ranking of the product ---------
    
2025-11-12 17:37:09,753:modules.saveRanks:Finding ranking for product_id (21362) of vendor_id (90077).
2025-11-12 17:37:24,951:modules.saveRanks:Not found in ERP.
2025-11-12 17:37:25,426:modules.saveRanks:Ranks are set null vendor_pricing_id (5216203)
2025-11-12 17:37:25,899:modules.saveRanks:Pricing data updated for vendor_pricing_id (5216203) (90077 X 21362)
2025-11-12 17:37:29,175:modules.saveRanks:Pricing data inserted for vendor_pricing_id (12382) in history table.
2025-11-12 17:37:29,658:modules.saveRanks:Finished making ranking of the product in 22.38 second(s)
2025-11-12 17:38:20,951:modules.saveRanks:
    ------ Starting evaluating competitors ranking of the product ---------
    
2025-11-12 17:38:23,323:modules.saveRanks:Finding ranking for product_id (21491) of vendor_id (90077).
2025-11-12 17:38:38,434:modules.saveRanks:Not found in ERP.
2025-11-12 17:38:38,669:modules.saveRanks:Finished making ranking of the product in 17.72 second(s)
2025-11-12 17:39:33,060:modules.saveRanks:
    ------ Starting evaluating competitors ranking of the product ---------
    
2025-11-12 17:39:35,575:modules.saveRanks:Finding ranking for product_id (21574) of vendor_id (90077).
2025-11-12 17:39:51,042:modules.saveRanks:Not found in ERP.
2025-11-12 17:39:51,530:modules.saveRanks:Ranks are set null vendor_pricing_id (5211020)
2025-11-12 17:39:52,014:modules.saveRanks:Pricing data updated for vendor_pricing_id (5211020) (90077 X 21574)
2025-11-12 17:39:55,297:modules.saveRanks:Pricing data inserted for vendor_pricing_id (12383) in history table.
2025-11-12 17:39:55,781:modules.saveRanks:Finished making ranking of the product in 22.72 second(s)
2025-11-12 17:40:54,293:modules.saveRanks:
    ------ Starting evaluating competitors ranking of the product ---------
    
2025-11-12 17:40:56,777:modules.saveRanks:Finding ranking for product_id (21577) of vendor_id (90077).
2025-11-12 17:41:12,390:modules.saveRanks:Not found in ERP.
2025-11-12 17:41:12,636:modules.saveRanks:Finished making ranking of the product in 18.34 second(s)
2025-11-12 17:42:06,144:modules.saveRanks:
    ------ Starting evaluating competitors ranking of the product ---------
    
2025-11-12 17:42:08,521:modules.saveRanks:Finding ranking for product_id (21579) of vendor_id (90077).
2025-11-12 17:42:23,895:modules.saveRanks:Not found in ERP.
2025-11-12 17:42:24,135:modules.saveRanks:Finished making ranking of the product in 17.99 second(s)
2025-11-12 17:43:12,616:modules.saveRanks:
    ------ Starting evaluating competitors ranking of the product ---------
    
2025-11-12 17:43:15,125:modules.saveRanks:Finding ranking for product_id (21655) of vendor_id (90077).
2025-11-12 17:43:31,990:modules.saveRanks:Not found in ERP.
2025-11-12 17:43:32,241:modules.saveRanks:Finished making ranking of the product in 19.62 second(s)
2025-11-12 17:44:20,537:modules.saveRanks:
    ------ Starting evaluating competitors ranking of the product ---------
    
2025-11-12 17:44:23,226:modules.saveRanks:Finding ranking for product_id (21729) of vendor_id (90077).
2025-11-12 17:44:40,125:modules.saveRanks:Not found in ERP.
2025-11-12 17:44:40,389:modules.saveRanks:Finished making ranking of the product in 19.85 second(s)
2025-11-12 17:46:11,665:modules.saveRanks:
    ------ Starting evaluating competitors ranking of the product ---------
    
2025-11-12 17:46:14,163:modules.saveRanks:Finding ranking for product_id (21766) of vendor_id (90077).
2025-11-12 17:46:31,000:modules.saveRanks:Not found in ERP.
2025-11-12 17:46:31,262:modules.saveRanks:Finished making ranking of the product in 19.6 second(s)
2025-11-12 17:47:20,747:modules.saveRanks:
    ------ Starting evaluating competitors ranking of the product ---------
    
2025-11-12 17:47:23,148:modules.saveRanks:Finding ranking for product_id (21768) of vendor_id (90077).
2025-11-12 17:47:38,727:modules.saveRanks:Not found in ERP.
2025-11-12 17:47:38,971:modules.saveRanks:Finished making ranking of the product in 18.22 second(s)
2025-11-12 17:48:54,621:modules.saveRanks:
    ------ Starting evaluating competitors ranking of the product ---------
    
2025-11-12 17:48:57,088:modules.saveRanks:Finding ranking for product_id (563505) of vendor_id (90077).
2025-11-12 17:49:12,546:modules.saveRanks:Not found in ERP.
2025-11-12 17:49:13,024:modules.saveRanks:Ranks are set null vendor_pricing_id (5519869)
2025-11-12 17:49:13,505:modules.saveRanks:Pricing data updated for vendor_pricing_id (5519869) (90077 X 563505)
2025-11-12 17:49:16,818:modules.saveRanks:Pricing data inserted for vendor_pricing_id (12384) in history table.
2025-11-12 17:49:17,298:modules.saveRanks:Finished making ranking of the product in 22.68 second(s)
2025-11-12 17:50:10,847:modules.saveRanks:
    ------ Starting evaluating competitors ranking of the product ---------
    
2025-11-12 17:50:13,216:modules.saveRanks:Finding ranking for product_id (257861) of vendor_id (90077).
2025-11-12 17:50:28,821:modules.saveRanks:Not found in ERP.
2025-11-12 17:50:29,307:modules.saveRanks:Ranks are set null vendor_pricing_id (5245368)
2025-11-12 17:50:29,792:modules.saveRanks:Pricing data updated for vendor_pricing_id (5245368) (90077 X 257861)
2025-11-12 17:50:33,016:modules.saveRanks:Pricing data inserted for vendor_pricing_id (12385) in history table.
2025-11-12 17:50:33,496:modules.saveRanks:Finished making ranking of the product in 22.65 second(s)
2025-11-12 17:51:16,866:modules.saveRanks:
    ------ Starting evaluating competitors ranking of the product ---------
    
2025-11-12 17:51:19,255:modules.saveRanks:Finding ranking for product_id (257865) of vendor_id (90077).
2025-11-12 17:51:34,719:modules.saveRanks:Not found in ERP.
2025-11-12 17:51:35,203:modules.saveRanks:Ranks are set null vendor_pricing_id (5244669)
2025-11-12 17:51:35,685:modules.saveRanks:Pricing data updated for vendor_pricing_id (5244669) (90077 X 257865)
2025-11-12 17:51:38,876:modules.saveRanks:Pricing data inserted for vendor_pricing_id (12386) in history table.
2025-11-12 17:51:39,356:modules.saveRanks:Finished making ranking of the product in 22.49 second(s)
2025-11-12 17:52:16,433:modules.saveRanks:
    ------ Starting evaluating competitors ranking of the product ---------
    
2025-11-12 17:52:18,810:modules.saveRanks:Finding ranking for product_id (257872) of vendor_id (90077).
2025-11-12 17:52:34,580:modules.saveRanks:Not found in ERP.
2025-11-12 17:52:35,073:modules.saveRanks:Ranks are set null vendor_pricing_id (5519894)
2025-11-12 17:52:35,565:modules.saveRanks:Pricing data updated for vendor_pricing_id (5519894) (90077 X 257872)
2025-11-12 17:52:38,679:modules.saveRanks:Pricing data inserted for vendor_pricing_id (12387) in history table.
2025-11-12 17:52:39,160:modules.saveRanks:Finished making ranking of the product in 22.73 second(s)
2025-11-12 17:53:34,601:modules.saveRanks:
    ------ Starting evaluating competitors ranking of the product ---------
    
2025-11-12 17:53:37,001:modules.saveRanks:Finding ranking for product_id (257875) of vendor_id (90077).
2025-11-12 17:53:53,044:modules.saveRanks:Not found in ERP.
2025-11-12 17:53:53,515:modules.saveRanks:Ranks are set null vendor_pricing_id (5246132)
2025-11-12 17:53:53,987:modules.saveRanks:Pricing data updated for vendor_pricing_id (5246132) (90077 X 257875)
2025-11-12 17:53:57,104:modules.saveRanks:Pricing data inserted for vendor_pricing_id (12388) in history table.
2025-11-12 17:53:57,575:modules.saveRanks:Finished making ranking of the product in 22.97 second(s)
2025-11-12 17:54:46,411:modules.saveRanks:
    ------ Starting evaluating competitors ranking of the product ---------
    
2025-11-12 17:54:48,804:modules.saveRanks:Finding ranking for product_id (257880) of vendor_id (90077).
2025-11-12 17:55:04,618:modules.saveRanks:Not found in ERP.
2025-11-12 17:55:05,108:modules.saveRanks:Ranks are set null vendor_pricing_id (5245357)
2025-11-12 17:55:05,595:modules.saveRanks:Pricing data updated for vendor_pricing_id (5245357) (90077 X 257880)
2025-11-12 17:55:08,819:modules.saveRanks:Pricing data inserted for vendor_pricing_id (12389) in history table.
2025-11-12 17:55:09,310:modules.saveRanks:Finished making ranking of the product in 22.9 second(s)
2025-11-12 17:55:59,535:modules.saveRanks:
    ------ Starting evaluating competitors ranking of the product ---------
    
2025-11-12 17:56:02,033:modules.saveRanks:Finding ranking for product_id (257884) of vendor_id (90077).
2025-11-12 17:56:17,505:modules.saveRanks:Not found in ERP.
2025-11-12 17:56:17,987:modules.saveRanks:Ranks are set null vendor_pricing_id (5246317)
2025-11-12 17:56:18,468:modules.saveRanks:Pricing data updated for vendor_pricing_id (5246317) (90077 X 257884)
2025-11-12 17:56:21,662:modules.saveRanks:Pricing data inserted for vendor_pricing_id (12390) in history table.
2025-11-12 17:56:22,146:modules.saveRanks:Finished making ranking of the product in 22.61 second(s)
2025-11-12 17:57:14,123:modules.saveRanks:
    ------ Starting evaluating competitors ranking of the product ---------
    
2025-11-12 17:57:16,478:modules.saveRanks:Finding ranking for product_id (257885) of vendor_id (90077).
2025-11-12 17:57:32,442:modules.saveRanks:Not found in ERP.
2025-11-12 17:57:32,942:modules.saveRanks:Ranks are set null vendor_pricing_id (5245364)
2025-11-12 17:57:33,443:modules.saveRanks:Pricing data updated for vendor_pricing_id (5245364) (90077 X 257885)
2025-11-12 17:57:36,796:modules.saveRanks:Pricing data inserted for vendor_pricing_id (12391) in history table.
2025-11-12 17:57:37,302:modules.saveRanks:Finished making ranking of the product in 23.18 second(s)
2025-11-12 17:58:23,164:modules.saveRanks:
    ------ Starting evaluating competitors ranking of the product ---------
    
2025-11-12 17:58:25,555:modules.saveRanks:Finding ranking for product_id (257900) of vendor_id (90077).
2025-11-12 17:58:40,821:modules.saveRanks:Not found in ERP.
2025-11-12 17:58:41,314:modules.saveRanks:Ranks are set null vendor_pricing_id (5245280)
2025-11-12 17:58:41,792:modules.saveRanks:Pricing data updated for vendor_pricing_id (5245280) (90077 X 257900)
2025-11-12 17:58:44,896:modules.saveRanks:Pricing data inserted for vendor_pricing_id (12392) in history table.
2025-11-12 17:58:45,370:modules.saveRanks:Finished making ranking of the product in 22.21 second(s)
2025-11-12 17:59:32,153:modules.saveRanks:
    ------ Starting evaluating competitors ranking of the product ---------
    
2025-11-12 17:59:34,534:modules.saveRanks:Finding ranking for product_id (257916) of vendor_id (90077).
2025-11-12 17:59:50,121:modules.saveRanks:Not found in ERP.
2025-11-12 17:59:50,610:modules.saveRanks:Ranks are set null vendor_pricing_id (5245267)
2025-11-12 17:59:51,098:modules.saveRanks:Pricing data updated for vendor_pricing_id (5245267) (90077 X 257916)
2025-11-12 17:59:54,235:modules.saveRanks:Pricing data inserted for vendor_pricing_id (12393) in history table.
2025-11-12 17:59:54,718:modules.saveRanks:Finished making ranking of the product in 22.57 second(s)
2025-11-12 18:00:46,431:modules.saveRanks:
    ------ Starting evaluating competitors ranking of the product ---------
    
2025-11-12 18:00:48,789:modules.saveRanks:Finding ranking for product_id (258038) of vendor_id (90077).
2025-11-12 18:01:05,059:modules.saveRanks:Not found in ERP.
2025-11-12 18:01:05,567:modules.saveRanks:Ranks are set null vendor_pricing_id (5237853)
2025-11-12 18:01:06,074:modules.saveRanks:Pricing data updated for vendor_pricing_id (5237853) (90077 X 258038)
2025-11-12 18:01:09,287:modules.saveRanks:Pricing data inserted for vendor_pricing_id (12394) in history table.
2025-11-12 18:01:09,784:modules.saveRanks:Finished making ranking of the product in 23.35 second(s)
2025-11-12 18:01:51,143:modules.saveRanks:
    ------ Starting evaluating competitors ranking of the product ---------
    
2025-11-12 18:01:53,552:modules.saveRanks:Finding ranking for product_id (258731) of vendor_id (90077).
2025-11-12 18:02:08,978:modules.saveRanks:Not found in ERP.
2025-11-12 18:02:09,460:modules.saveRanks:Ranks are set null vendor_pricing_id (5246544)
2025-11-12 18:02:09,942:modules.saveRanks:Pricing data updated for vendor_pricing_id (5246544) (90077 X 258731)
2025-11-12 18:02:13,114:modules.saveRanks:Pricing data inserted for vendor_pricing_id (12395) in history table.
2025-11-12 18:02:13,597:modules.saveRanks:Finished making ranking of the product in 22.45 second(s)
2025-11-12 18:03:00,598:modules.saveRanks:
    ------ Starting evaluating competitors ranking of the product ---------
    
2025-11-12 18:03:02,963:modules.saveRanks:Finding ranking for product_id (258756) of vendor_id (90077).
2025-11-12 18:03:19,081:modules.saveRanks:Not found in ERP.
2025-11-12 18:03:19,556:modules.saveRanks:Ranks are set null vendor_pricing_id (5246550)
2025-11-12 18:03:20,030:modules.saveRanks:Pricing data updated for vendor_pricing_id (5246550) (90077 X 258756)
2025-11-12 18:03:23,649:modules.saveRanks:Pricing data inserted for vendor_pricing_id (12396) in history table.
2025-11-12 18:03:24,150:modules.saveRanks:Finished making ranking of the product in 23.55 second(s)
2025-11-12 18:04:07,193:modules.saveRanks:
    ------ Starting evaluating competitors ranking of the product ---------
    
2025-11-12 18:04:09,632:modules.saveRanks:Finding ranking for product_id (261765) of vendor_id (90077).
2025-11-12 18:04:25,647:modules.saveRanks:Not found in ERP.
2025-11-12 18:04:26,120:modules.saveRanks:Ranks are set null vendor_pricing_id (5245131)
2025-11-12 18:04:26,592:modules.saveRanks:Pricing data updated for vendor_pricing_id (5245131) (90077 X 261765)
2025-11-12 18:04:29,776:modules.saveRanks:Pricing data inserted for vendor_pricing_id (12397) in history table.
2025-11-12 18:04:30,254:modules.saveRanks:Finished making ranking of the product in 23.06 second(s)
2025-11-12 18:06:35,838:modules.saveRanks:
    ------ Starting evaluating competitors ranking of the product ---------
    
2025-11-12 18:06:38,229:modules.saveRanks:Finding ranking for product_id (263504) of vendor_id (90077).
2025-11-12 18:06:54,049:modules.saveRanks:Not found in ERP.
2025-11-12 18:06:54,540:modules.saveRanks:Ranks are set null vendor_pricing_id (5245658)
2025-11-12 18:06:55,033:modules.saveRanks:Pricing data updated for vendor_pricing_id (5245658) (90077 X 263504)
2025-11-12 18:06:58,259:modules.saveRanks:Pricing data inserted for vendor_pricing_id (12398) in history table.
2025-11-12 18:06:58,745:modules.saveRanks:Finished making ranking of the product in 22.91 second(s)
2025-11-12 18:08:06,133:modules.saveRanks:
    ------ Starting evaluating competitors ranking of the product ---------
    
2025-11-12 18:08:08,636:modules.saveRanks:Finding ranking for product_id (263518) of vendor_id (90077).
2025-11-12 18:08:23,998:modules.saveRanks:Not found in ERP.
2025-11-12 18:08:24,478:modules.saveRanks:Ranks are set null vendor_pricing_id (5245496)
2025-11-12 18:08:24,958:modules.saveRanks:Pricing data updated for vendor_pricing_id (5245496) (90077 X 263518)
2025-11-12 18:08:28,051:modules.saveRanks:Pricing data inserted for vendor_pricing_id (12399) in history table.
2025-11-12 18:08:28,526:modules.saveRanks:Finished making ranking of the product in 22.39 second(s)
2025-11-12 18:09:54,255:modules.saveRanks:
    ------ Starting evaluating competitors ranking of the product ---------
    
2025-11-12 18:09:56,820:modules.saveRanks:Finding ranking for product_id (263525) of vendor_id (90077).
2025-11-12 18:10:12,245:modules.saveRanks:Not found in ERP.
2025-11-12 18:10:12,741:modules.saveRanks:Ranks are set null vendor_pricing_id (5246565)
2025-11-12 18:10:13,220:modules.saveRanks:Pricing data updated for vendor_pricing_id (5246565) (90077 X 263525)
2025-11-12 18:10:16,501:modules.saveRanks:Pricing data inserted for vendor_pricing_id (12400) in history table.
2025-11-12 18:10:16,993:modules.saveRanks:Finished making ranking of the product in 22.74 second(s)
2025-11-12 18:11:12,389:modules.saveRanks:
    ------ Starting evaluating competitors ranking of the product ---------
    
2025-11-12 18:11:14,823:modules.saveRanks:Finding ranking for product_id (263592) of vendor_id (90077).
2025-11-12 18:11:30,575:modules.saveRanks:Not found in ERP.
2025-11-12 18:11:31,235:modules.saveRanks:Ranks are set null vendor_pricing_id (5245859)
2025-11-12 18:11:31,800:modules.saveRanks:Pricing data updated for vendor_pricing_id (5245859) (90077 X 263592)
2025-11-12 18:11:34,977:modules.saveRanks:Pricing data inserted for vendor_pricing_id (12401) in history table.
2025-11-12 18:11:35,465:modules.saveRanks:Finished making ranking of the product in 23.08 second(s)
2025-11-12 18:12:27,453:modules.saveRanks:
    ------ Starting evaluating competitors ranking of the product ---------
    
2025-11-12 18:12:29,817:modules.saveRanks:Finding ranking for product_id (263597) of vendor_id (90077).
2025-11-12 18:12:45,588:modules.saveRanks:Not found in ERP.
2025-11-12 18:12:46,084:modules.saveRanks:Ranks are set null vendor_pricing_id (5246568)
2025-11-12 18:12:46,584:modules.saveRanks:Pricing data updated for vendor_pricing_id (5246568) (90077 X 263597)
2025-11-12 18:12:49,696:modules.saveRanks:Pricing data inserted for vendor_pricing_id (12402) in history table.
2025-11-12 18:12:50,178:modules.saveRanks:Finished making ranking of the product in 22.73 second(s)
2025-11-12 18:13:41,359:modules.saveRanks:
    ------ Starting evaluating competitors ranking of the product ---------
    
2025-11-12 18:13:44,280:modules.saveRanks:Finding ranking for product_id (263604) of vendor_id (90077).
2025-11-12 18:14:02,594:modules.saveRanks:Not found in ERP.
2025-11-12 18:14:03,157:modules.saveRanks:Ranks are set null vendor_pricing_id (5245835)
2025-11-12 18:14:03,699:modules.saveRanks:Pricing data updated for vendor_pricing_id (5245835) (90077 X 263604)
2025-11-12 18:14:06,913:modules.saveRanks:Pricing data inserted for vendor_pricing_id (12403) in history table.
2025-11-12 18:14:07,408:modules.saveRanks:Finished making ranking of the product in 26.05 second(s)
2025-11-12 18:15:47,866:modules.saveRanks:
    ------ Starting evaluating competitors ranking of the product ---------
    
2025-11-12 18:15:50,248:modules.saveRanks:Finding ranking for product_id (263755) of vendor_id (90077).
2025-11-12 18:16:06,504:modules.saveRanks:Not found in ERP.
2025-11-12 18:16:06,986:modules.saveRanks:Ranks are set null vendor_pricing_id (5245252)
2025-11-12 18:16:07,468:modules.saveRanks:Pricing data updated for vendor_pricing_id (5245252) (90077 X 263755)
2025-11-12 18:16:10,629:modules.saveRanks:Pricing data inserted for vendor_pricing_id (12404) in history table.
2025-11-12 18:16:11,107:modules.saveRanks:Finished making ranking of the product in 23.24 second(s)
2025-11-12 18:17:08,602:modules.saveRanks:
    ------ Starting evaluating competitors ranking of the product ---------
    
2025-11-12 18:17:10,979:modules.saveRanks:Finding ranking for product_id (346014) of vendor_id (90077).
2025-11-12 18:17:26,194:modules.saveRanks:Not found in ERP.
2025-11-12 18:17:26,671:modules.saveRanks:Ranks are set null vendor_pricing_id (5245401)
2025-11-12 18:17:27,147:modules.saveRanks:Pricing data updated for vendor_pricing_id (5245401) (90077 X 346014)
2025-11-12 18:17:30,266:modules.saveRanks:Pricing data inserted for vendor_pricing_id (12405) in history table.
2025-11-12 18:17:30,741:modules.saveRanks:Finished making ranking of the product in 22.14 second(s)
2025-11-12 18:18:21,670:modules.saveRanks:
    ------ Starting evaluating competitors ranking of the product ---------
    
2025-11-12 18:18:24,194:modules.saveRanks:Finding ranking for product_id (346019) of vendor_id (90077).
2025-11-12 18:18:40,374:modules.saveRanks:Not found in ERP.
2025-11-12 18:18:40,881:modules.saveRanks:Ranks are set null vendor_pricing_id (5245383)
2025-11-12 18:18:41,389:modules.saveRanks:Pricing data updated for vendor_pricing_id (5245383) (90077 X 346019)
2025-11-12 18:18:44,532:modules.saveRanks:Pricing data inserted for vendor_pricing_id (12406) in history table.
2025-11-12 18:18:45,019:modules.saveRanks:Finished making ranking of the product in 23.35 second(s)
2025-11-12 18:19:23,250:modules.saveRanks:
    ------ Starting evaluating competitors ranking of the product ---------
    
2025-11-12 18:19:25,739:modules.saveRanks:Finding ranking for product_id (346077) of vendor_id (90077).
2025-11-12 18:19:41,094:modules.saveRanks:Not found in ERP.
2025-11-12 18:19:41,574:modules.saveRanks:Ranks are set null vendor_pricing_id (5520170)
2025-11-12 18:19:42,054:modules.saveRanks:Pricing data updated for vendor_pricing_id (5520170) (90077 X 346077)
2025-11-12 18:19:45,252:modules.saveRanks:Pricing data inserted for vendor_pricing_id (12407) in history table.
2025-11-12 18:19:45,736:modules.saveRanks:Finished making ranking of the product in 22.49 second(s)
